C:\USERS\CHUNSUN\DOCUMENTS\GITHUB\TWEIQI\TWEIQIV2\CONSOLEDRIVER9\X64\DEBUG\CONSOLEDRIVER9.OBJ
C:\USERS\CHUNSUN\DOCUMENTS\GITHUB\TWEIQI\TWEIQIV2\CONSOLEDRIVER9\X64\DEBUG\STDAFX.OBJ
C:\USERS\CHUNSUN\DOCUMENTS\GITHUB\TWEIQI\TWEIQIV2\CONSOLEDRIVER9\X64\DEBUG\VC110.PDB
C:\USERS\CHUNSUN\DOCUMENTS\GITHUB\TWEIQI\TWEIQIV2\X64\DEBUG\CONSOLEDRIVER9.ILK
C:\USERS\CHUNSUN\DOCUMENTS\GITHUB\TWEIQI\TWEIQIV2\X64\DEBUG\CONSOLEDRIVER9.EXE
C:\USERS\CHUNSUN\DOCUMENTS\GITHUB\TWEIQI\TWEIQIV2\X64\DEBUG\CONSOLEDRIVER9.PDB
C:\Users\chunsun\Documents\GitHub\TWeiqi\TWeiqiV2\ConsoleDriver9\x64\Debug\ConsoleDriver9.obj
C:\Users\chunsun\Documents\GitHub\TWeiqi\TWeiqiV2\ConsoleDriver9\x64\Debug\stdafx.obj
C:\Users\chunsun\Documents\GitHub\TWeiqi\TWeiqiV2\ConsoleDriver9\x64\Debug\cl.command.1.tlog
C:\Users\chunsun\Documents\GitHub\TWeiqi\TWeiqiV2\ConsoleDriver9\x64\Debug\CL.read.1.tlog
C:\Users\chunsun\Documents\GitHub\TWeiqi\TWeiqiV2\ConsoleDriver9\x64\Debug\CL.write.1.tlog
C:\Users\chunsun\Documents\GitHub\TWeiqi\TWeiqiV2\ConsoleDriver9\x64\Debug\link-cvtres.read.1.tlog
C:\Users\chunsun\Documents\GitHub\TWeiqi\TWeiqiV2\ConsoleDriver9\x64\Debug\link-cvtres.write.1.tlog
C:\Users\chunsun\Documents\GitHub\TWeiqi\TWeiqiV2\ConsoleDriver9\x64\Debug\link-rc.read.1.tlog
C:\Users\chunsun\Documents\GitHub\TWeiqi\TWeiqiV2\ConsoleDriver9\x64\Debug\link-rc.write.1.tlog
C:\Users\chunsun\Documents\GitHub\TWeiqi\TWeiqiV2\ConsoleDriver9\x64\Debug\link.1340-cvtres.read.1.tlog
C:\Users\chunsun\Documents\GitHub\TWeiqi\TWeiqiV2\ConsoleDriver9\x64\Debug\link.1340-cvtres.write.1.tlog
C:\Users\chunsun\Documents\GitHub\TWeiqi\TWeiqiV2\ConsoleDriver9\x64\Debug\link.1340-rc.read.1.tlog
C:\Users\chunsun\Documents\GitHub\TWeiqi\TWeiqiV2\ConsoleDriver9\x64\Debug\link.1340-rc.write.1.tlog
C:\Users\chunsun\Documents\GitHub\TWeiqi\TWeiqiV2\ConsoleDriver9\x64\Debug\link.1340.read.1.tlog
C:\Users\chunsun\Documents\GitHub\TWeiqi\TWeiqiV2\ConsoleDriver9\x64\Debug\link.1340.write.1.tlog
C:\Users\chunsun\Documents\GitHub\TWeiqi\TWeiqiV2\ConsoleDriver9\x64\Debug\link.1464-cvtres.read.1.tlog
C:\Users\chunsun\Documents\GitHub\TWeiqi\TWeiqiV2\ConsoleDriver9\x64\Debug\link.1464-cvtres.write.1.tlog
C:\Users\chunsun\Documents\GitHub\TWeiqi\TWeiqiV2\ConsoleDriver9\x64\Debug\link.1464-rc.read.1.tlog
C:\Users\chunsun\Documents\GitHub\TWeiqi\TWeiqiV2\ConsoleDriver9\x64\Debug\link.1464-rc.write.1.tlog
C:\Users\chunsun\Documents\GitHub\TWeiqi\TWeiqiV2\ConsoleDriver9\x64\Debug\link.1464.read.1.tlog
C:\Users\chunsun\Documents\GitHub\TWeiqi\TWeiqiV2\ConsoleDriver9\x64\Debug\link.1464.write.1.tlog
C:\Users\chunsun\Documents\GitHub\TWeiqi\TWeiqiV2\ConsoleDriver9\x64\Debug\link.4952-cvtres.read.1.tlog
C:\Users\chunsun\Documents\GitHub\TWeiqi\TWeiqiV2\ConsoleDriver9\x64\Debug\link.4952-cvtres.write.1.tlog
C:\Users\chunsun\Documents\GitHub\TWeiqi\TWeiqiV2\ConsoleDriver9\x64\Debug\link.4952-rc.read.1.tlog
C:\Users\chunsun\Documents\GitHub\TWeiqi\TWeiqiV2\ConsoleDriver9\x64\Debug\link.4952-rc.write.1.tlog
C:\Users\chunsun\Documents\GitHub\TWeiqi\TWeiqiV2\ConsoleDriver9\x64\Debug\link.4952.read.1.tlog
C:\Users\chunsun\Documents\GitHub\TWeiqi\TWeiqiV2\ConsoleDriver9\x64\Debug\link.4952.write.1.tlog
C:\Users\chunsun\Documents\GitHub\TWeiqi\TWeiqiV2\ConsoleDriver9\x64\Debug\link.8028-cvtres.read.1.tlog
C:\Users\chunsun\Documents\GitHub\TWeiqi\TWeiqiV2\ConsoleDriver9\x64\Debug\link.8028-cvtres.write.1.tlog
C:\Users\chunsun\Documents\GitHub\TWeiqi\TWeiqiV2\ConsoleDriver9\x64\Debug\link.8028-rc.read.1.tlog
C:\Users\chunsun\Documents\GitHub\TWeiqi\TWeiqiV2\ConsoleDriver9\x64\Debug\link.8028-rc.write.1.tlog
C:\Users\chunsun\Documents\GitHub\TWeiqi\TWeiqiV2\ConsoleDriver9\x64\Debug\link.8028.read.1.tlog
C:\Users\chunsun\Documents\GitHub\TWeiqi\TWeiqiV2\ConsoleDriver9\x64\Debug\link.8028.write.1.tlog
C:\Users\chunsun\Documents\GitHub\TWeiqi\TWeiqiV2\ConsoleDriver9\x64\Debug\link.command.1.tlog
C:\Users\chunsun\Documents\GitHub\TWeiqi\TWeiqiV2\ConsoleDriver9\x64\Debug\link.read.1.tlog
C:\Users\chunsun\Documents\GitHub\TWeiqi\TWeiqiV2\ConsoleDriver9\x64\Debug\link.write.1.tlog
C:\Users\chunsun\Documents\GitHub\TWeiqi\TWeiqiV2\ConsoleDriver9\x64\Debug\vc110.idb
C:\Users\chunsun\Documents\GitHub\TWeiqi\TWeiqiV2\ConsoleDriver9\x64\Debug\vc110.pdb
C:\Users\chunsun\Documents\GitHub\TWeiqi\TWeiqiV2\x64\Debug\ConsoleDriver9.pdb
C:\Users\chunsun\Documents\GitHub\TWeiqi\TWeiqiV2\x64\Debug\ConsoleDriver9.exe
C:\Users\chunsun\Documents\GitHub\TWeiqi\TWeiqiV2\x64\Debug\ConsoleDriver9.ilk
