C:\USERS\CHUNSUN\DOCUMENTS\GITHUB\TWEIQI\TWEIQIV2\CONSOLEDRIVER9\X64\RELEASE\STDAFX.OBJ
C:\USERS\CHUNSUN\DOCUMENTS\GITHUB\TWEIQI\TWEIQIV2\CONSOLEDRIVER9\X64\RELEASE\CONSOLEDRIVER9.OBJ
C:\USERS\CHUNSUN\DOCUMENTS\GITHUB\TWEIQI\TWEIQIV2\CONSOLEDRIVER9\X64\RELEASE\VC110.PDB
C:\USERS\CHUNSUN\DOCUMENTS\GITHUB\TWEIQI\TWEIQIV2\X64\RELEASE\CONSOLEDRIVER9.EXE
C:\USERS\CHUNSUN\DOCUMENTS\GITHUB\TWEIQI\TWEIQIV2\X64\RELEASE\CONSOLEDRIVER9.PDB
C:\Users\chunsun\Documents\GitHub\TWeiqi\TWeiqiV2\ConsoleDriver9\x64\Release\ConsoleDriver9.obj
C:\Users\chunsun\Documents\GitHub\TWeiqi\TWeiqiV2\ConsoleDriver9\x64\Release\stdafx.obj
C:\Users\chunsun\Documents\GitHub\TWeiqi\TWeiqiV2\ConsoleDriver9\x64\Release\cl.command.1.tlog
C:\Users\chunsun\Documents\GitHub\TWeiqi\TWeiqiV2\ConsoleDriver9\x64\Release\CL.read.1.tlog
C:\Users\chunsun\Documents\GitHub\TWeiqi\TWeiqiV2\ConsoleDriver9\x64\Release\CL.write.1.tlog
C:\Users\chunsun\Documents\GitHub\TWeiqi\TWeiqiV2\ConsoleDriver9\x64\Release\link-cvtres.read.1.tlog
C:\Users\chunsun\Documents\GitHub\TWeiqi\TWeiqiV2\ConsoleDriver9\x64\Release\link-cvtres.write.1.tlog
C:\Users\chunsun\Documents\GitHub\TWeiqi\TWeiqiV2\ConsoleDriver9\x64\Release\link-rc.read.1.tlog
C:\Users\chunsun\Documents\GitHub\TWeiqi\TWeiqiV2\ConsoleDriver9\x64\Release\link-rc.write.1.tlog
C:\Users\chunsun\Documents\GitHub\TWeiqi\TWeiqiV2\ConsoleDriver9\x64\Release\link.command.1.tlog
C:\Users\chunsun\Documents\GitHub\TWeiqi\TWeiqiV2\ConsoleDriver9\x64\Release\link.read.1.tlog
C:\Users\chunsun\Documents\GitHub\TWeiqi\TWeiqiV2\ConsoleDriver9\x64\Release\link.write.1.tlog
C:\Users\chunsun\Documents\GitHub\TWeiqi\TWeiqiV2\ConsoleDriver9\x64\Release\vc110.pdb
C:\Users\chunsun\Documents\GitHub\TWeiqi\TWeiqiV2\x64\Release\ConsoleDriver9.pdb
C:\Users\chunsun\Documents\GitHub\TWeiqi\TWeiqiV2\x64\Release\ConsoleDriver9.exe
