C:\USERS\CHUNSUN\DOCUMENTS\GITHUB\TWEIQI\TWEIQIV2\GAME\X64\DEBUG\GAME.PCH
C:\USERS\CHUNSUN\DOCUMENTS\GITHUB\TWEIQI\TWEIQIV2\GAME\X64\DEBUG\STDAFX.OBJ
C:\USERS\CHUNSUN\DOCUMENTS\GITHUB\TWEIQI\TWEIQIV2\GAME\X64\DEBUG\VC110.PDB
C:\USERS\CHUNSUN\DOCUMENTS\GITHUB\TWEIQI\TWEIQIV2\GAME\X64\DEBUG\DLLMAIN.OBJ
C:\USERS\CHUNSUN\DOCUMENTS\GITHUB\TWEIQI\TWEIQIV2\X64\DEBUG\GAME.ILK
C:\USERS\CHUNSUN\DOCUMENTS\GITHUB\TWEIQI\TWEIQIV2\X64\DEBUG\GAME.DLL
C:\USERS\CHUNSUN\DOCUMENTS\GITHUB\TWEIQI\TWEIQIV2\X64\DEBUG\GAME.PDB
C:\Users\chunsun\Documents\GitHub\TWeiqi\TWeiqiV2\Game\x64\Debug\dllmain.obj
C:\Users\chunsun\Documents\GitHub\TWeiqi\TWeiqiV2\Game\x64\Debug\stdafx.obj
C:\Users\chunsun\Documents\GitHub\TWeiqi\TWeiqiV2\Game\x64\Debug\cl.command.1.tlog
C:\Users\chunsun\Documents\GitHub\TWeiqi\TWeiqiV2\Game\x64\Debug\CL.read.1.tlog
C:\Users\chunsun\Documents\GitHub\TWeiqi\TWeiqiV2\Game\x64\Debug\CL.write.1.tlog
C:\Users\chunsun\Documents\GitHub\TWeiqi\TWeiqiV2\Game\x64\Debug\link-cvtres.read.1.tlog
C:\Users\chunsun\Documents\GitHub\TWeiqi\TWeiqiV2\Game\x64\Debug\link-cvtres.write.1.tlog
C:\Users\chunsun\Documents\GitHub\TWeiqi\TWeiqiV2\Game\x64\Debug\link-rc.read.1.tlog
C:\Users\chunsun\Documents\GitHub\TWeiqi\TWeiqiV2\Game\x64\Debug\link-rc.write.1.tlog
C:\Users\chunsun\Documents\GitHub\TWeiqi\TWeiqiV2\Game\x64\Debug\link.command.1.tlog
C:\Users\chunsun\Documents\GitHub\TWeiqi\TWeiqiV2\Game\x64\Debug\link.read.1.tlog
C:\Users\chunsun\Documents\GitHub\TWeiqi\TWeiqiV2\Game\x64\Debug\link.write.1.tlog
C:\Users\chunsun\Documents\GitHub\TWeiqi\TWeiqiV2\Game\x64\Debug\Game.pch
C:\Users\chunsun\Documents\GitHub\TWeiqi\TWeiqiV2\Game\x64\Debug\vc110.idb
C:\Users\chunsun\Documents\GitHub\TWeiqi\TWeiqiV2\Game\x64\Debug\vc110.pdb
C:\Users\chunsun\Documents\GitHub\TWeiqi\TWeiqiV2\x64\Debug\Game.pdb
C:\Users\chunsun\Documents\GitHub\TWeiqi\TWeiqiV2\x64\Debug\Game.dll
C:\Users\chunsun\Documents\GitHub\TWeiqi\TWeiqiV2\x64\Debug\Game.ilk
