C:\USERS\CHUNSUN\DOCUMENTS\GITHUB\TWEIQI\TWEIQIV2\PLAYER\X64\DEBUG\PLAYER.PCH
C:\USERS\CHUNSUN\DOCUMENTS\GITHUB\TWEIQI\TWEIQIV2\PLAYER\X64\DEBUG\STDAFX.OBJ
C:\USERS\CHUNSUN\DOCUMENTS\GITHUB\TWEIQI\TWEIQIV2\PLAYER\X64\DEBUG\VC110.PDB
C:\USERS\CHUNSUN\DOCUMENTS\GITHUB\TWEIQI\TWEIQIV2\PLAYER\X64\DEBUG\DLLMAIN.OBJ
C:\USERS\CHUNSUN\DOCUMENTS\GITHUB\TWEIQI\TWEIQIV2\X64\DEBUG\PLAYER.ILK
C:\USERS\CHUNSUN\DOCUMENTS\GITHUB\TWEIQI\TWEIQIV2\X64\DEBUG\PLAYER.DLL
C:\USERS\CHUNSUN\DOCUMENTS\GITHUB\TWEIQI\TWEIQIV2\X64\DEBUG\PLAYER.PDB
C:\Users\chunsun\Documents\GitHub\TWeiqi\TWeiqiV2\Player\x64\Debug\dllmain.obj
C:\Users\chunsun\Documents\GitHub\TWeiqi\TWeiqiV2\Player\x64\Debug\stdafx.obj
C:\Users\chunsun\Documents\GitHub\TWeiqi\TWeiqiV2\Player\x64\Debug\cl.command.1.tlog
C:\Users\chunsun\Documents\GitHub\TWeiqi\TWeiqiV2\Player\x64\Debug\CL.read.1.tlog
C:\Users\chunsun\Documents\GitHub\TWeiqi\TWeiqiV2\Player\x64\Debug\CL.write.1.tlog
C:\Users\chunsun\Documents\GitHub\TWeiqi\TWeiqiV2\Player\x64\Debug\link-cvtres.read.1.tlog
C:\Users\chunsun\Documents\GitHub\TWeiqi\TWeiqiV2\Player\x64\Debug\link-cvtres.write.1.tlog
C:\Users\chunsun\Documents\GitHub\TWeiqi\TWeiqiV2\Player\x64\Debug\link-rc.read.1.tlog
C:\Users\chunsun\Documents\GitHub\TWeiqi\TWeiqiV2\Player\x64\Debug\link-rc.write.1.tlog
C:\Users\chunsun\Documents\GitHub\TWeiqi\TWeiqiV2\Player\x64\Debug\link.command.1.tlog
C:\Users\chunsun\Documents\GitHub\TWeiqi\TWeiqiV2\Player\x64\Debug\link.read.1.tlog
C:\Users\chunsun\Documents\GitHub\TWeiqi\TWeiqiV2\Player\x64\Debug\link.write.1.tlog
C:\Users\chunsun\Documents\GitHub\TWeiqi\TWeiqiV2\Player\x64\Debug\Player.pch
C:\Users\chunsun\Documents\GitHub\TWeiqi\TWeiqiV2\Player\x64\Debug\vc110.idb
C:\Users\chunsun\Documents\GitHub\TWeiqi\TWeiqiV2\Player\x64\Debug\vc110.pdb
C:\Users\chunsun\Documents\GitHub\TWeiqi\TWeiqiV2\x64\Debug\Player.pdb
C:\Users\chunsun\Documents\GitHub\TWeiqi\TWeiqiV2\x64\Debug\Player.dll
C:\Users\chunsun\Documents\GitHub\TWeiqi\TWeiqiV2\x64\Debug\Player.ilk
