C:\USERS\CHUNSUN\DOCUMENTS\GITHUB\TWEIQI\TWEIQIV2\BITBOARD\RELEASE\BITBOARD.PCH
C:\USERS\CHUNSUN\DOCUMENTS\GITHUB\TWEIQI\TWEIQIV2\BITBOARD\RELEASE\STDAFX.OBJ
C:\USERS\CHUNSUN\DOCUMENTS\GITHUB\TWEIQI\TWEIQIV2\BITBOARD\RELEASE\VC110.PDB
C:\USERS\CHUNSUN\DOCUMENTS\GITHUB\TWEIQI\TWEIQIV2\BITBOARD\RELEASE\DLLMAIN.OBJ
C:\USERS\CHUNSUN\DOCUMENTS\GITHUB\TWEIQI\TWEIQIV2\RELEASE\BITBOARD.DLL
C:\USERS\CHUNSUN\DOCUMENTS\GITHUB\TWEIQI\TWEIQIV2\RELEASE\BITBOARD.PDB
C:\Users\chunsun\Documents\GitHub\TWeiqi\TWeiqiV2\BitBoard\Release\dllmain.obj
C:\Users\chunsun\Documents\GitHub\TWeiqi\TWeiqiV2\BitBoard\Release\stdafx.obj
C:\Users\chunsun\Documents\GitHub\TWeiqi\TWeiqiV2\BitBoard\Release\cl.command.1.tlog
C:\Users\chunsun\Documents\GitHub\TWeiqi\TWeiqiV2\BitBoard\Release\CL.read.1.tlog
C:\Users\chunsun\Documents\GitHub\TWeiqi\TWeiqiV2\BitBoard\Release\CL.write.1.tlog
C:\Users\chunsun\Documents\GitHub\TWeiqi\TWeiqiV2\BitBoard\Release\link-cvtres.read.1.tlog
C:\Users\chunsun\Documents\GitHub\TWeiqi\TWeiqiV2\BitBoard\Release\link-cvtres.write.1.tlog
C:\Users\chunsun\Documents\GitHub\TWeiqi\TWeiqiV2\BitBoard\Release\link-rc.read.1.tlog
C:\Users\chunsun\Documents\GitHub\TWeiqi\TWeiqiV2\BitBoard\Release\link-rc.write.1.tlog
C:\Users\chunsun\Documents\GitHub\TWeiqi\TWeiqiV2\BitBoard\Release\link.command.1.tlog
C:\Users\chunsun\Documents\GitHub\TWeiqi\TWeiqiV2\BitBoard\Release\link.read.1.tlog
C:\Users\chunsun\Documents\GitHub\TWeiqi\TWeiqiV2\BitBoard\Release\link.write.1.tlog
C:\Users\chunsun\Documents\GitHub\TWeiqi\TWeiqiV2\BitBoard\Release\BitBoard.pch
C:\Users\chunsun\Documents\GitHub\TWeiqi\TWeiqiV2\BitBoard\Release\vc110.pdb
C:\Users\chunsun\Documents\GitHub\TWeiqi\TWeiqiV2\Release\BitBoard.pdb
C:\Users\chunsun\Documents\GitHub\TWeiqi\TWeiqiV2\Release\BitBoard.dll
