C:\USERS\CHUNSUN\DOCUMENTS\GITHUB\TWEIQI\TWEIQIV2\CONSOLEDRIVER\X64\DEBUG\CONSOLEDRIVER.OBJ
C:\USERS\CHUNSUN\DOCUMENTS\GITHUB\TWEIQI\TWEIQIV2\CONSOLEDRIVER\X64\DEBUG\STDAFX.OBJ
C:\USERS\CHUNSUN\DOCUMENTS\GITHUB\TWEIQI\TWEIQIV2\CONSOLEDRIVER\X64\DEBUG\VC110.PDB
C:\USERS\CHUNSUN\DOCUMENTS\GITHUB\TWEIQI\TWEIQIV2\X64\DEBUG\CONSOLEDRIVER.ILK
C:\USERS\CHUNSUN\DOCUMENTS\GITHUB\TWEIQI\TWEIQIV2\X64\DEBUG\CONSOLEDRIVER.EXE
C:\USERS\CHUNSUN\DOCUMENTS\GITHUB\TWEIQI\TWEIQIV2\X64\DEBUG\CONSOLEDRIVER.PDB
C:\Users\chunsun\Documents\GitHub\TWeiqi\TWeiqiV2\ConsoleDriver\x64\Debug\ConsoleDriver.obj
C:\Users\chunsun\Documents\GitHub\TWeiqi\TWeiqiV2\ConsoleDriver\x64\Debug\stdafx.obj
C:\Users\chunsun\Documents\GitHub\TWeiqi\TWeiqiV2\ConsoleDriver\x64\Debug\cl.command.1.tlog
C:\Users\chunsun\Documents\GitHub\TWeiqi\TWeiqiV2\ConsoleDriver\x64\Debug\CL.read.1.tlog
C:\Users\chunsun\Documents\GitHub\TWeiqi\TWeiqiV2\ConsoleDriver\x64\Debug\CL.write.1.tlog
C:\Users\chunsun\Documents\GitHub\TWeiqi\TWeiqiV2\ConsoleDriver\x64\Debug\link-cvtres.read.1.tlog
C:\Users\chunsun\Documents\GitHub\TWeiqi\TWeiqiV2\ConsoleDriver\x64\Debug\link-cvtres.write.1.tlog
C:\Users\chunsun\Documents\GitHub\TWeiqi\TWeiqiV2\ConsoleDriver\x64\Debug\link-rc.read.1.tlog
C:\Users\chunsun\Documents\GitHub\TWeiqi\TWeiqiV2\ConsoleDriver\x64\Debug\link-rc.write.1.tlog
C:\Users\chunsun\Documents\GitHub\TWeiqi\TWeiqiV2\ConsoleDriver\x64\Debug\link.10712-cvtres.read.1.tlog
C:\Users\chunsun\Documents\GitHub\TWeiqi\TWeiqiV2\ConsoleDriver\x64\Debug\link.10712-cvtres.write.1.tlog
C:\Users\chunsun\Documents\GitHub\TWeiqi\TWeiqiV2\ConsoleDriver\x64\Debug\link.10712-rc.read.1.tlog
C:\Users\chunsun\Documents\GitHub\TWeiqi\TWeiqiV2\ConsoleDriver\x64\Debug\link.10712-rc.write.1.tlog
C:\Users\chunsun\Documents\GitHub\TWeiqi\TWeiqiV2\ConsoleDriver\x64\Debug\link.10712.read.1.tlog
C:\Users\chunsun\Documents\GitHub\TWeiqi\TWeiqiV2\ConsoleDriver\x64\Debug\link.10712.write.1.tlog
C:\Users\chunsun\Documents\GitHub\TWeiqi\TWeiqiV2\ConsoleDriver\x64\Debug\link.11928-cvtres.read.1.tlog
C:\Users\chunsun\Documents\GitHub\TWeiqi\TWeiqiV2\ConsoleDriver\x64\Debug\link.11928-cvtres.write.1.tlog
C:\Users\chunsun\Documents\GitHub\TWeiqi\TWeiqiV2\ConsoleDriver\x64\Debug\link.11928-rc.read.1.tlog
C:\Users\chunsun\Documents\GitHub\TWeiqi\TWeiqiV2\ConsoleDriver\x64\Debug\link.11928-rc.write.1.tlog
C:\Users\chunsun\Documents\GitHub\TWeiqi\TWeiqiV2\ConsoleDriver\x64\Debug\link.11928.read.1.tlog
C:\Users\chunsun\Documents\GitHub\TWeiqi\TWeiqiV2\ConsoleDriver\x64\Debug\link.11928.write.1.tlog
C:\Users\chunsun\Documents\GitHub\TWeiqi\TWeiqiV2\ConsoleDriver\x64\Debug\link.21392-cvtres.read.1.tlog
C:\Users\chunsun\Documents\GitHub\TWeiqi\TWeiqiV2\ConsoleDriver\x64\Debug\link.21392-cvtres.write.1.tlog
C:\Users\chunsun\Documents\GitHub\TWeiqi\TWeiqiV2\ConsoleDriver\x64\Debug\link.21392-rc.read.1.tlog
C:\Users\chunsun\Documents\GitHub\TWeiqi\TWeiqiV2\ConsoleDriver\x64\Debug\link.21392-rc.write.1.tlog
C:\Users\chunsun\Documents\GitHub\TWeiqi\TWeiqiV2\ConsoleDriver\x64\Debug\link.21392.read.1.tlog
C:\Users\chunsun\Documents\GitHub\TWeiqi\TWeiqiV2\ConsoleDriver\x64\Debug\link.21392.write.1.tlog
C:\Users\chunsun\Documents\GitHub\TWeiqi\TWeiqiV2\ConsoleDriver\x64\Debug\link.2344-cvtres.read.1.tlog
C:\Users\chunsun\Documents\GitHub\TWeiqi\TWeiqiV2\ConsoleDriver\x64\Debug\link.2344-cvtres.write.1.tlog
C:\Users\chunsun\Documents\GitHub\TWeiqi\TWeiqiV2\ConsoleDriver\x64\Debug\link.2344-rc.read.1.tlog
C:\Users\chunsun\Documents\GitHub\TWeiqi\TWeiqiV2\ConsoleDriver\x64\Debug\link.2344-rc.write.1.tlog
C:\Users\chunsun\Documents\GitHub\TWeiqi\TWeiqiV2\ConsoleDriver\x64\Debug\link.2344.read.1.tlog
C:\Users\chunsun\Documents\GitHub\TWeiqi\TWeiqiV2\ConsoleDriver\x64\Debug\link.2344.write.1.tlog
C:\Users\chunsun\Documents\GitHub\TWeiqi\TWeiqiV2\ConsoleDriver\x64\Debug\link.23832-cvtres.read.1.tlog
C:\Users\chunsun\Documents\GitHub\TWeiqi\TWeiqiV2\ConsoleDriver\x64\Debug\link.23832-cvtres.write.1.tlog
C:\Users\chunsun\Documents\GitHub\TWeiqi\TWeiqiV2\ConsoleDriver\x64\Debug\link.23832-rc.read.1.tlog
C:\Users\chunsun\Documents\GitHub\TWeiqi\TWeiqiV2\ConsoleDriver\x64\Debug\link.23832-rc.write.1.tlog
C:\Users\chunsun\Documents\GitHub\TWeiqi\TWeiqiV2\ConsoleDriver\x64\Debug\link.23832.read.1.tlog
C:\Users\chunsun\Documents\GitHub\TWeiqi\TWeiqiV2\ConsoleDriver\x64\Debug\link.23832.write.1.tlog
C:\Users\chunsun\Documents\GitHub\TWeiqi\TWeiqiV2\ConsoleDriver\x64\Debug\link.3952-cvtres.read.1.tlog
C:\Users\chunsun\Documents\GitHub\TWeiqi\TWeiqiV2\ConsoleDriver\x64\Debug\link.3952-cvtres.write.1.tlog
C:\Users\chunsun\Documents\GitHub\TWeiqi\TWeiqiV2\ConsoleDriver\x64\Debug\link.3952-rc.read.1.tlog
C:\Users\chunsun\Documents\GitHub\TWeiqi\TWeiqiV2\ConsoleDriver\x64\Debug\link.3952-rc.write.1.tlog
C:\Users\chunsun\Documents\GitHub\TWeiqi\TWeiqiV2\ConsoleDriver\x64\Debug\link.3952.read.1.tlog
C:\Users\chunsun\Documents\GitHub\TWeiqi\TWeiqiV2\ConsoleDriver\x64\Debug\link.3952.write.1.tlog
C:\Users\chunsun\Documents\GitHub\TWeiqi\TWeiqiV2\ConsoleDriver\x64\Debug\link.5884-cvtres.read.1.tlog
C:\Users\chunsun\Documents\GitHub\TWeiqi\TWeiqiV2\ConsoleDriver\x64\Debug\link.5884-cvtres.write.1.tlog
C:\Users\chunsun\Documents\GitHub\TWeiqi\TWeiqiV2\ConsoleDriver\x64\Debug\link.5884-rc.read.1.tlog
C:\Users\chunsun\Documents\GitHub\TWeiqi\TWeiqiV2\ConsoleDriver\x64\Debug\link.5884-rc.write.1.tlog
C:\Users\chunsun\Documents\GitHub\TWeiqi\TWeiqiV2\ConsoleDriver\x64\Debug\link.5884.read.1.tlog
C:\Users\chunsun\Documents\GitHub\TWeiqi\TWeiqiV2\ConsoleDriver\x64\Debug\link.5884.write.1.tlog
C:\Users\chunsun\Documents\GitHub\TWeiqi\TWeiqiV2\ConsoleDriver\x64\Debug\link.6352-cvtres.read.1.tlog
C:\Users\chunsun\Documents\GitHub\TWeiqi\TWeiqiV2\ConsoleDriver\x64\Debug\link.6352-cvtres.write.1.tlog
C:\Users\chunsun\Documents\GitHub\TWeiqi\TWeiqiV2\ConsoleDriver\x64\Debug\link.6352-rc.read.1.tlog
C:\Users\chunsun\Documents\GitHub\TWeiqi\TWeiqiV2\ConsoleDriver\x64\Debug\link.6352-rc.write.1.tlog
C:\Users\chunsun\Documents\GitHub\TWeiqi\TWeiqiV2\ConsoleDriver\x64\Debug\link.6352.read.1.tlog
C:\Users\chunsun\Documents\GitHub\TWeiqi\TWeiqiV2\ConsoleDriver\x64\Debug\link.6352.write.1.tlog
C:\Users\chunsun\Documents\GitHub\TWeiqi\TWeiqiV2\ConsoleDriver\x64\Debug\link.9348-cvtres.read.1.tlog
C:\Users\chunsun\Documents\GitHub\TWeiqi\TWeiqiV2\ConsoleDriver\x64\Debug\link.9348-cvtres.write.1.tlog
C:\Users\chunsun\Documents\GitHub\TWeiqi\TWeiqiV2\ConsoleDriver\x64\Debug\link.9348-rc.read.1.tlog
C:\Users\chunsun\Documents\GitHub\TWeiqi\TWeiqiV2\ConsoleDriver\x64\Debug\link.9348-rc.write.1.tlog
C:\Users\chunsun\Documents\GitHub\TWeiqi\TWeiqiV2\ConsoleDriver\x64\Debug\link.9348.read.1.tlog
C:\Users\chunsun\Documents\GitHub\TWeiqi\TWeiqiV2\ConsoleDriver\x64\Debug\link.9348.write.1.tlog
C:\Users\chunsun\Documents\GitHub\TWeiqi\TWeiqiV2\ConsoleDriver\x64\Debug\link.command.1.tlog
C:\Users\chunsun\Documents\GitHub\TWeiqi\TWeiqiV2\ConsoleDriver\x64\Debug\link.read.1.tlog
C:\Users\chunsun\Documents\GitHub\TWeiqi\TWeiqiV2\ConsoleDriver\x64\Debug\link.write.1.tlog
C:\Users\chunsun\Documents\GitHub\TWeiqi\TWeiqiV2\ConsoleDriver\x64\Debug\vc110.idb
C:\Users\chunsun\Documents\GitHub\TWeiqi\TWeiqiV2\ConsoleDriver\x64\Debug\vc110.pdb
C:\Users\chunsun\Documents\GitHub\TWeiqi\TWeiqiV2\x64\Debug\ConsoleDriver.pdb
C:\Users\chunsun\Documents\GitHub\TWeiqi\TWeiqiV2\x64\Debug\ConsoleDriver.exe
C:\Users\chunsun\Documents\GitHub\TWeiqi\TWeiqiV2\x64\Debug\ConsoleDriver.ilk
