C:\USERS\CHUNSUN\DOCUMENTS\GITHUB\TWEIQI\TWEIQIV2\BITBOARD\DEBUG\BITBOARD.PCH
C:\USERS\CHUNSUN\DOCUMENTS\GITHUB\TWEIQI\TWEIQIV2\BITBOARD\DEBUG\STDAFX.OBJ
C:\USERS\CHUNSUN\DOCUMENTS\GITHUB\TWEIQI\TWEIQIV2\BITBOARD\DEBUG\VC110.PDB
C:\USERS\CHUNSUN\DOCUMENTS\GITHUB\TWEIQI\TWEIQIV2\BITBOARD\DEBUG\DLLMAIN.OBJ
C:\USERS\CHUNSUN\DOCUMENTS\GITHUB\TWEIQI\TWEIQIV2\DEBUG\BITBOARD.ILK
C:\USERS\CHUNSUN\DOCUMENTS\GITHUB\TWEIQI\TWEIQIV2\DEBUG\BITBOARD.DLL
C:\USERS\CHUNSUN\DOCUMENTS\GITHUB\TWEIQI\TWEIQIV2\DEBUG\BITBOARD.PDB
C:\Users\chunsun\Documents\GitHub\TWeiqi\TWeiqiV2\BitBoard\Debug\dllmain.obj
C:\Users\chunsun\Documents\GitHub\TWeiqi\TWeiqiV2\BitBoard\Debug\stdafx.obj
C:\Users\chunsun\Documents\GitHub\TWeiqi\TWeiqiV2\BitBoard\Debug\cl.command.1.tlog
C:\Users\chunsun\Documents\GitHub\TWeiqi\TWeiqiV2\BitBoard\Debug\CL.read.1.tlog
C:\Users\chunsun\Documents\GitHub\TWeiqi\TWeiqiV2\BitBoard\Debug\CL.write.1.tlog
C:\Users\chunsun\Documents\GitHub\TWeiqi\TWeiqiV2\BitBoard\Debug\link-cvtres.read.1.tlog
C:\Users\chunsun\Documents\GitHub\TWeiqi\TWeiqiV2\BitBoard\Debug\link-cvtres.write.1.tlog
C:\Users\chunsun\Documents\GitHub\TWeiqi\TWeiqiV2\BitBoard\Debug\link-rc.read.1.tlog
C:\Users\chunsun\Documents\GitHub\TWeiqi\TWeiqiV2\BitBoard\Debug\link-rc.write.1.tlog
C:\Users\chunsun\Documents\GitHub\TWeiqi\TWeiqiV2\BitBoard\Debug\link.command.1.tlog
C:\Users\chunsun\Documents\GitHub\TWeiqi\TWeiqiV2\BitBoard\Debug\link.read.1.tlog
C:\Users\chunsun\Documents\GitHub\TWeiqi\TWeiqiV2\BitBoard\Debug\link.write.1.tlog
C:\Users\chunsun\Documents\GitHub\TWeiqi\TWeiqiV2\BitBoard\Debug\BitBoard.pch
C:\Users\chunsun\Documents\GitHub\TWeiqi\TWeiqiV2\BitBoard\Debug\vc110.idb
C:\Users\chunsun\Documents\GitHub\TWeiqi\TWeiqiV2\BitBoard\Debug\vc110.pdb
C:\Users\chunsun\Documents\GitHub\TWeiqi\TWeiqiV2\Debug\BitBoard.pdb
C:\Users\chunsun\Documents\GitHub\TWeiqi\TWeiqiV2\Debug\BitBoard.dll
C:\Users\chunsun\Documents\GitHub\TWeiqi\TWeiqiV2\Debug\BitBoard.ilk
