C:\USERS\CHUNSUN\DOCUMENTS\GITHUB\TWEIQI\TWEIQIV2\PLAYER\X64\RELEASE\PLAYER.PCH
C:\USERS\CHUNSUN\DOCUMENTS\GITHUB\TWEIQI\TWEIQIV2\PLAYER\X64\RELEASE\STDAFX.OBJ
C:\USERS\CHUNSUN\DOCUMENTS\GITHUB\TWEIQI\TWEIQIV2\PLAYER\X64\RELEASE\VC110.PDB
C:\USERS\CHUNSUN\DOCUMENTS\GITHUB\TWEIQI\TWEIQIV2\PLAYER\X64\RELEASE\DLLMAIN.OBJ
C:\USERS\CHUNSUN\DOCUMENTS\GITHUB\TWEIQI\TWEIQIV2\X64\RELEASE\PLAYER.DLL
C:\USERS\CHUNSUN\DOCUMENTS\GITHUB\TWEIQI\TWEIQIV2\X64\RELEASE\PLAYER.PDB
C:\Users\chunsun\Documents\GitHub\TWeiqi\TWeiqiV2\Player\x64\Release\dllmain.obj
C:\Users\chunsun\Documents\GitHub\TWeiqi\TWeiqiV2\Player\x64\Release\stdafx.obj
C:\Users\chunsun\Documents\GitHub\TWeiqi\TWeiqiV2\Player\x64\Release\cl.command.1.tlog
C:\Users\chunsun\Documents\GitHub\TWeiqi\TWeiqiV2\Player\x64\Release\CL.read.1.tlog
C:\Users\chunsun\Documents\GitHub\TWeiqi\TWeiqiV2\Player\x64\Release\CL.write.1.tlog
C:\Users\chunsun\Documents\GitHub\TWeiqi\TWeiqiV2\Player\x64\Release\link-cvtres.read.1.tlog
C:\Users\chunsun\Documents\GitHub\TWeiqi\TWeiqiV2\Player\x64\Release\link-cvtres.write.1.tlog
C:\Users\chunsun\Documents\GitHub\TWeiqi\TWeiqiV2\Player\x64\Release\link-rc.read.1.tlog
C:\Users\chunsun\Documents\GitHub\TWeiqi\TWeiqiV2\Player\x64\Release\link-rc.write.1.tlog
C:\Users\chunsun\Documents\GitHub\TWeiqi\TWeiqiV2\Player\x64\Release\link.command.1.tlog
C:\Users\chunsun\Documents\GitHub\TWeiqi\TWeiqiV2\Player\x64\Release\link.read.1.tlog
C:\Users\chunsun\Documents\GitHub\TWeiqi\TWeiqiV2\Player\x64\Release\link.write.1.tlog
C:\Users\chunsun\Documents\GitHub\TWeiqi\TWeiqiV2\Player\x64\Release\Player.pch
C:\Users\chunsun\Documents\GitHub\TWeiqi\TWeiqiV2\Player\x64\Release\vc110.pdb
C:\Users\chunsun\Documents\GitHub\TWeiqi\TWeiqiV2\x64\Release\Player.pdb
C:\Users\chunsun\Documents\GitHub\TWeiqi\TWeiqiV2\x64\Release\Player.dll
